<p>Empty result for PYYJ022 Serial0/0/0.101 from 1685923200 to 1686009600</p>
stdClass Object
(
    [timeseries] => stdClass Object
        (
            [timeserie] => stdClass Object
                (
                    [fields] => 1
                    [id] => APG-DB:SMARTS-DB3-group-700063
                    [length] => 0
                )

        )

)
<p>Empty result for PYYC337 ATM0.1-aal5 layer from 1685923200 to 1686009600</p>
stdClass Object
(
    [timeseries] => stdClass Object
        (
        )

)
<p>Empty result for PYUL656 GigabitEthernet0/1.412 from 1685923200 to 1686009600</p>
stdClass Object
(
    [timeseries] => stdClass Object
        (
        )

)
<p>Empty result for PVVO082 GigabitEthernet0/0.8 from 1685923200 to 1686009600</p>
stdClass Object
(
    [timeseries] => stdClass Object
        (
            [timeserie] => stdClass Object
                (
                    [fields] => 1
                    [id] => APG-DB:SMARTS-DB1-group-828820
                    [length] => 0
                )

        )

)
<p>Empty result for PVVO056 FastEthernet0/1.21 from 1685923200 to 1686009600</p>
stdClass Object
(
    [timeseries] => stdClass Object
        (
        )

)
<p>Empty result for PWTB001 Tunnel0 from 1685923200 to 1686009600</p>
stdClass Object
(
    [timeseries] => stdClass Object
        (
        )

)
<p>Empty result for PXPL006 Tunnel1111 from 1685923200 to 1686009600</p>
stdClass Object
(
    [timeseries] => stdClass Object
        (
        )

)
<p>Empty result for PXRE214 GigabitEthernet0/1.154 from 1685923200 to 1686009600</p>
stdClass Object
(
    [timeseries] => stdClass Object
        (
        )

)
<p>Empty result for PXRE215 GigabitEthernet0/1.184 from 1685923200 to 1686009600</p>
stdClass Object
(
    [timeseries] => stdClass Object
        (
        )

)
<p>Empty result for PYQT014 Tunnel0 from 1685923200 to 1686009600</p>
stdClass Object
(
    [timeseries] => stdClass Object
        (
        )

)
<p>Empty result for PSVD022 ATM0.1-aal5 layer from 1685923200 to 1686009600</p>
stdClass Object
(
    [timeseries] => stdClass Object
        (
        )

)
<p>Empty result for PTLH079 Tunnel0 from 1685923200 to 1686009600</p>
stdClass Object
(
    [timeseries] => stdClass Object
        (
        )

)
<p>Empty result for PSHO001 Serial0/0/0.101 from 1685923200 to 1686009600</p>
stdClass Object
(
    [timeseries] => stdClass Object
        (
            [timeserie] => stdClass Object
                (
                    [fields] => 1
                    [id] => APG-DB:SMARTS-DB2-group-948336
                    [length] => 0
                )

        )

)
<p>Empty result for PSEL904 Serial0/0.101 from 1685923200 to 1686009600</p>
stdClass Object
(
    [timeseries] => stdClass Object
        (
        )

)
<p>Empty result for PSEL905 Serial0/0.101 from 1685923200 to 1686009600</p>
stdClass Object
(
    [timeseries] => stdClass Object
        (
        )

)
<p>Empty result for PQRI004 Tunnel0 from 1685923200 to 1686009600</p>
stdClass Object
(
    [timeseries] => stdClass Object
        (
        )

)
<p>Empty result for PRLG041 GigabitEthernet0/1.789 from 1685923200 to 1686009600</p>
stdClass Object
(
    [timeseries] => stdClass Object
        (
        )

)
<p>Empty result for PRLG074 ATM0.101-aal5 layer from 1685923200 to 1686009600</p>
stdClass Object
(
    [timeseries] => stdClass Object
        (
        )

)
<p>Empty result for PHAG425 GigabitEthernet0/1 from 1685923200 to 1686009600</p>
stdClass Object
(
    [timeseries] => stdClass Object
        (
        )

)
<p>Empty result for PHRG014 GigabitEthernet0/1.1626 from 1685923200 to 1686009600</p>
stdClass Object
(
    [timeseries] => stdClass Object
        (
        )

)
<p>Empty result for PHRG018 ATM0.1-aal5 layer from 1685923200 to 1686009600</p>
stdClass Object
(
    [timeseries] => stdClass Object
        (
        )

)
<p>Empty result for PHUX009 Tunnel0 from 1685923200 to 1686009600</p>
stdClass Object
(
    [timeseries] => stdClass Object
        (
            [timeserie] => stdClass Object
                (
                    [fields] => 1
                    [id] => APG-DB:SMARTS-DB4-group-1662051
                    [length] => 0
                )

        )

)
<p>Empty result for PJED184 GigabitEthernet0/1 from 1685923200 to 1686009600</p>
stdClass Object
(
    [timeseries] => stdClass Object
        (
            [timeserie] => stdClass Object
                (
                    [fields] => 1
                    [id] => APG-DB:SMARTS-DB2-group-61017918
                    [length] => 0
                )

        )

)
<p>Empty result for PKWI403 Tunnel0 from 1685923200 to 1686009600</p>
stdClass Object
(
    [timeseries] => stdClass Object
        (
        )

)
<p>Empty result for PKWI403 Tunnel0 from 1685923200 to 1686009600</p>
stdClass Object
(
    [timeseries] => stdClass Object
        (
        )

)
<p>Empty result for PLGA103 Tunnel0 from 1685923200 to 1686009600</p>
stdClass Object
(
    [timeseries] => stdClass Object
        (
        )

)
<p>Empty result for PLON9363 GigabitEthernet0/1.379 from 1685923200 to 1686009600</p>
stdClass Object
(
    [timeseries] => stdClass Object
        (
        )

)
<p>Empty result for PLVI006 ATM0.1-aal5 layer from 1685923200 to 1686009600</p>
stdClass Object
(
    [timeseries] => stdClass Object
        (
        )

)
<p>Empty result for PMAO110 Serial0/0/0.101 from 1685923200 to 1686009600</p>
stdClass Object
(
    [timeseries] => stdClass Object
        (
        )

)
<p>Empty result for PMID027 Tunnel0 from 1685923200 to 1686009600</p>
stdClass Object
(
    [timeseries] => stdClass Object
        (
        )

)
<p>Empty result for PMXL043 Tunnel0 from 1685923200 to 1686009600</p>
stdClass Object
(
    [timeseries] => stdClass Object
        (
        )

)
<p>Empty result for PNSI021 GigabitEthernet0/1.209 from 1685923200 to 1686009600</p>
stdClass Object
(
    [timeseries] => stdClass Object
        (
        )

)
<p>Empty result for POAX008 Tunnel0 from 1685923200 to 1686009600</p>
stdClass Object
(
    [timeseries] => stdClass Object
        (
        )

)
<p>Empty result for PORD199 GigabitEthernet0/0/0.234 from 1685923200 to 1686009600</p>
stdClass Object
(
    [timeseries] => stdClass Object
        (
        )

)
<p>Empty result for PGBE100 Tunnel0 from 1685923200 to 1686009600</p>
stdClass Object
(
    [timeseries] => stdClass Object
        (
        )

)
<p>Empty result for PGRK019 ATM0.1-aal5 layer from 1685923200 to 1686009600</p>
stdClass Object
(
    [timeseries] => stdClass Object
        (
        )

)
<p>Empty result for PFRA3304.PFRA3305 GigabitEthernet0/1.2 from 1685923200 to 1686009600</p>
stdClass Object
(
    [timeseries] => stdClass Object
        (
        )

)
<p>Empty result for PDFW363 ATM0.1-aal5 layer from 1685923200 to 1686009600</p>
stdClass Object
(
    [timeseries] => stdClass Object
        (
        )

)
<p>Empty result for PCTU571 GigabitEthernet0/0/0.171 from 1685923200 to 1686009600</p>
stdClass Object
(
    [timeseries] => stdClass Object
        (
            [timeserie] => stdClass Object
                (
                    [fields] => 1
                    [id] => APG-DB:SMARTS-DB2-group-62243253
                    [length] => 0
                )

        )

)
<p>Empty result for PDBB002 ATM0.1-aal5 layer from 1685923200 to 1686009600</p>
stdClass Object
(
    [timeseries] => stdClass Object
        (
        )

)
<p>Empty result for PCAI917 FastEthernet0/1/1.1616 from 1685923200 to 1686009600</p>
stdClass Object
(
    [timeseries] => stdClass Object
        (
            [timeserie] => stdClass Object
                (
                    [fields] => 1
                    [id] => APG-DB:SMARTS-DB1-group-2387518
                    [length] => 0
                )

        )

)
<p>Empty result for PCAI918 FastEthernet0/1/1.1805 from 1685923200 to 1686009600</p>
stdClass Object
(
    [timeseries] => stdClass Object
        (
        )

)
<p>Empty result for PBOM816 GigabitEthernet0/1.773 from 1685923200 to 1686009600</p>
stdClass Object
(
    [timeseries] => stdClass Object
        (
        )

)
<p>Empty result for PBOM817 GigabitEthernet0/1.3 from 1685923200 to 1686009600</p>
stdClass Object
(
    [timeseries] => stdClass Object
        (
        )

)
<p>Empty result for PBJV003 Serial0/0/0.101 from 1685923200 to 1686009600</p>
stdClass Object
(
    [timeseries] => stdClass Object
        (
            [timeserie] => stdClass Object
                (
                    [fields] => 1
                    [id] => APG-DB:SMARTS-DB1-group-2273682
                    [length] => 0
                )

        )

)
<p>Empty result for PBLZ090 Tunnel0 from 1685923200 to 1686009600</p>
stdClass Object
(
    [timeseries] => stdClass Object
        (
        )

)
<p>Empty result for PADB051 GigabitEthernet8.19 from 1685923200 to 1686009600</p>
stdClass Object
(
    [timeseries] => stdClass Object
        (
        )

)
<p>Empty result for PAQJ006 ATM0.1-aal5 layer from 1685923200 to 1686009600</p>
stdClass Object
(
    [timeseries] => stdClass Object
        (
        )

)
<p>Empty result for PSTR278 GigabitEthernet0/0/1.778 from 1685923200 to 1686009600</p>
stdClass Object
(
    [timeseries] => stdClass Object
        (
        )

)
<p>Empty result for PZLO027 GigabitEthernet0/0/1.409 from 1685923200 to 1686009600</p>
stdClass Object
(
    [timeseries] => stdClass Object
        (
            [timeserie] => stdClass Object
                (
                    [fields] => 1
                    [id] => APG-DB:SMARTS-DB1-group-2130411
                    [length] => 0
                )

        )

)
<p>Empty result for PZLO028 Tunnel1114 from 1685923200 to 1686009600</p>
stdClass Object
(
    [timeseries] => stdClass Object
        (
            [timeserie] => stdClass Object
                (
                    [fields] => 1
                    [id] => APG-DB:SMARTS-DB4-group-1887584
                    [length] => 0
                )

        )

)
<p>Empty result for PYYZ481 FastEthernet0/1.388 from 1685923200 to 1686009600</p>
stdClass Object
(
    [timeseries] => stdClass Object
        (
            [timeserie] => stdClass Object
                (
                    [fields] => 1
                    [id] => APG-DB:SMARTS-DB1-group-2808059
                    [length] => 0
                )

        )

)
<p>Empty result for PYYZ482 FastEthernet3/1.69 from 1685923200 to 1686009600</p>
stdClass Object
(
    [timeseries] => stdClass Object
        (
            [timeserie] => stdClass Object
                (
                    [fields] => 1
                    [id] => APG-DB:SMARTS-DB3-group-2662975
                    [length] => 0
                )

        )

)
<p>Empty result for PYYZ481 FastEthernet0/1.400 from 1685923200 to 1686009600</p>
stdClass Object
(
    [timeseries] => stdClass Object
        (
            [timeserie] => stdClass Object
                (
                    [fields] => 1
                    [id] => APG-DB:SMARTS-DB1-group-2808018
                    [length] => 0
                )

        )

)
<p>Empty result for PYYZ482 FastEthernet3/1.75 from 1685923200 to 1686009600</p>
stdClass Object
(
    [timeseries] => stdClass Object
        (
            [timeserie] => stdClass Object
                (
                    [fields] => 1
                    [id] => APG-DB:SMARTS-DB3-group-2662990
                    [length] => 0
                )

        )

)
<p>Empty result for PYYC344 Tunnel1113 from 1685923200 to 1686009600</p>
stdClass Object
(
    [timeseries] => stdClass Object
        (
            [timeserie] => stdClass Object
                (
                    [fields] => 1
                    [id] => APG-DB:SMARTS-DB1-group-3039614
                    [length] => 0
                )

        )

)
<p>Empty result for PYEG089 GigabitEthernet0/0/1.715 from 1685923200 to 1686009600</p>
stdClass Object
(
    [timeseries] => stdClass Object
        (
            [timeserie] => stdClass Object
                (
                    [fields] => 1
                    [id] => APG-DB:SMARTS-DB2-group-61486742
                    [length] => 0
                )

        )

)
<p>Empty result for PWAW562 FastEthernet1/0.30 from 1685923200 to 1686009600</p>
stdClass Object
(
    [timeseries] => stdClass Object
        (
            [timeserie] => stdClass Object
                (
                    [fields] => 1
                    [id] => APG-DB:SMARTS-DB1-group-2082040
                    [length] => 0
                )

        )

)
<p>Empty result for PVRN252 GigabitEthernet0/1.418 from 1685923200 to 1686009600</p>
stdClass Object
(
    [timeseries] => stdClass Object
        (
            [timeserie] => stdClass Object
                (
                    [fields] => 1
                    [id] => APG-DB:SMARTS-DB2-group-61050750
                    [length] => 0
                )

        )

)
<p>Empty result for PTAB013 GigabitEthernet0/1.235 from 1685923200 to 1686009600</p>
stdClass Object
(
    [timeseries] => stdClass Object
        (
            [timeserie] => stdClass Object
                (
                    [fields] => 1
                    [id] => APG-DB:SMARTS-DB2-group-61158052
                    [length] => 0
                )

        )

)
<p>Empty result for PTAB014 Tunnel1113 from 1685923200 to 1686009600</p>
stdClass Object
(
    [timeseries] => stdClass Object
        (
            [timeserie] => stdClass Object
                (
                    [fields] => 1
                    [id] => APG-DB:SMARTS-DB2-group-61158022
                    [length] => 0
                )

        )

)
<p>Empty result for PTBS198 Serial0/0/0:0.102 from 1685923200 to 1686009600</p>
stdClass Object
(
    [timeseries] => stdClass Object
        (
        )

)
<p>Empty result for PSJD044 GigabitEthernet0/0/1.420 from 1685923200 to 1686009600</p>
stdClass Object
(
    [timeseries] => stdClass Object
        (
            [timeserie] => stdClass Object
                (
                    [fields] => 1
                    [id] => APG-DB:SMARTS-DB4-group-2315682
                    [length] => 0
                )

        )

)
<p>Empty result for PSAW007 GigabitEthernet0/1.11 from 1685923200 to 1686009600</p>
stdClass Object
(
    [timeseries] => stdClass Object
        (
            [timeserie] => stdClass Object
                (
                    [fields] => 1
                    [id] => APG-DB:SMARTS-DB2-group-62340306
                    [length] => 0
                )

        )

)
<p>Empty result for PRGN069 Serial0/0/0.120 from 1685923200 to 1686009600</p>
stdClass Object
(
    [timeseries] => stdClass Object
        (
            [timeserie] => stdClass Object
                (
                    [fields] => 1
                    [id] => APG-DB:SMARTS-DB1-group-2033591
                    [length] => 0
                )

        )

)
<p>Empty result for PRGN070 Tunnel1113 from 1685923200 to 1686009600</p>
stdClass Object
(
    [timeseries] => stdClass Object
        (
            [timeserie] => stdClass Object
                (
                    [fields] => 1
                    [id] => APG-DB:SMARTS-DB3-group-1590773
                    [length] => 0
                )

        )

)
<p>Empty result for PPVG076 GigabitEthernet0/1.121 from 1685923200 to 1686009600</p>
stdClass Object
(
    [timeseries] => stdClass Object
        (
            [timeserie] => stdClass Object
                (
                    [fields] => 1
                    [id] => APG-DB:SMARTS-DB3-group-2415431
                    [length] => 0
                )

        )

)
<p>Empty result for PPUS236 Tunnel1122 from 1685923200 to 1686009600</p>
stdClass Object
(
    [timeseries] => stdClass Object
        (
        )

)
<p>Empty result for PPMO086 GigabitEthernet0/0/1.173 from 1685923200 to 1686009600</p>
stdClass Object
(
    [timeseries] => stdClass Object
        (
        )

)
<p>Empty result for PPAD058 Tunnel1113 from 1685923200 to 1686009600</p>
stdClass Object
(
    [timeseries] => stdClass Object
        (
        )

)
<p>Empty result for PNTE564 Tunnel1116 from 1685923200 to 1686009600</p>
stdClass Object
(
    [timeseries] => stdClass Object
        (
        )

)
<p>Empty result for PNAP225 GigabitEthernet0/0/1.488 from 1685923200 to 1686009600</p>
stdClass Object
(
    [timeseries] => stdClass Object
        (
        )

)
<p>Empty result for PNAT036 GigabitEthernet0/0/1.772 from 1685923200 to 1686009600</p>
stdClass Object
(
    [timeseries] => stdClass Object
        (
            [timeserie] => stdClass Object
                (
                    [fields] => 1
                    [id] => APG-DB:SMARTS-DB2-group-62324538
                    [length] => 0
                )

        )

)
<p>Empty result for PMNL467 GigabitEthernet0/0/1.x from 1685923200 to 1686009600</p>
stdClass Object
(
    [timeseries] => stdClass Object
        (
        )

)
<p>Empty result for PMLA167 GigabitEthernet0/1.614 from 1685923200 to 1686009600</p>
stdClass Object
(
    [timeseries] => stdClass Object
        (
            [timeserie] => stdClass Object
                (
                    [fields] => 1
                    [id] => APG-DB:SMARTS-DB2-group-61432651
                    [length] => 0
                )

        )

)
<p>Empty result for PMLA168 GigabitEthernet0/1.34 from 1685923200 to 1686009600</p>
stdClass Object
(
    [timeseries] => stdClass Object
        (
            [timeserie] => stdClass Object
                (
                    [fields] => 1
                    [id] => APG-DB:SMARTS-DB3-group-1801829
                    [length] => 0
                )

        )

)
<p>Empty result for PMAN534 GigabitEthernet0/1.198 from 1685923200 to 1686009600</p>
stdClass Object
(
    [timeseries] => stdClass Object
        (
            [timeserie] => stdClass Object
                (
                    [fields] => 1
                    [id] => APG-DB:SMARTS-DB3-group-1975813
                    [length] => 0
                )

        )

)
<p>Empty result for PMAN535 GigabitEthernet0/1.746 from 1685923200 to 1686009600</p>
stdClass Object
(
    [timeseries] => stdClass Object
        (
            [timeserie] => stdClass Object
                (
                    [fields] => 1
                    [id] => APG-DB:SMARTS-DB3-group-2222931
                    [length] => 0
                )

        )

)
<p>Empty result for PLUN218 gigabitethernet0/1.704 from 1685923200 to 1686009600</p>
stdClass Object
(
    [timeseries] => stdClass Object
        (
        )

)
<p>Empty result for PLYS998 GigabitEthernet0/0/1.705 from 1685923200 to 1686009600</p>
stdClass Object
(
    [timeseries] => stdClass Object
        (
        )

)
<p>Empty result for PLWO028 Serial0/0/0:0.103 from 1685923200 to 1686009600</p>
stdClass Object
(
    [timeseries] => stdClass Object
        (
        )

)
<p>Empty result for PLWO029 Tunnel1115 from 1685923200 to 1686009600</p>
stdClass Object
(
    [timeseries] => stdClass Object
        (
        )

)
<p>Empty result for PLAD281 GigabitEthernet0/0/1.538 from 1685923200 to 1686009600</p>
stdClass Object
(
    [timeseries] => stdClass Object
        (
        )

)
<p>Empty result for PKRR067 GigabitEthernet0/1.713 from 1685923200 to 1686009600</p>
stdClass Object
(
    [timeseries] => stdClass Object
        (
        )

)
<p>Empty result for PKHH226 Tunnel1118 from 1685923200 to 1686009600</p>
stdClass Object
(
    [timeseries] => stdClass Object
        (
        )

)
<p>Empty result for PKBP047 Tunnel1125 from 1685923200 to 1686009600</p>
stdClass Object
(
    [timeseries] => stdClass Object
        (
        )

)
<p>Empty result for PJFK127 GigabitEthernet0/1.795 from 1685923200 to 1686009600</p>
stdClass Object
(
    [timeseries] => stdClass Object
        (
            [timeserie] => stdClass Object
                (
                    [fields] => 1
                    [id] => APG-DB:SMARTS-DB1-group-1750562
                    [length] => 0
                )

        )

)
<p>Empty result for PJFK126 GigabitEthernet0/1.252 from 1685923200 to 1686009600</p>
stdClass Object
(
    [timeseries] => stdClass Object
        (
            [timeserie] => stdClass Object
                (
                    [fields] => 1
                    [id] => APG-DB:SMARTS-DB3-group-2269604
                    [length] => 0
                )

        )

)
<p>Empty result for PJER051 Tunnel1114 from 1685923200 to 1686009600</p>
stdClass Object
(
    [timeseries] => stdClass Object
        (
            [timeserie] => stdClass Object
                (
                    [fields] => 1
                    [id] => APG-DB:SMARTS-DB2-group-60871514
                    [length] => 0
                )

        )

)
<p>Empty result for PIKT028 GigabitEthernet0/1.64 from 1685923200 to 1686009600</p>
stdClass Object
(
    [timeseries] => stdClass Object
        (
        )

)
<p>Empty result for PGIG075 Serial1/0.123 from 1685923200 to 1686009600</p>
stdClass Object
(
    [timeseries] => stdClass Object
        (
            [timeserie] => stdClass Object
                (
                    [fields] => 1
                    [id] => APG-DB:SMARTS-DB3-group-1561487
                    [length] => 0
                )

        )

)
<p>Empty result for PEBB052 GigabitEthernet0/0/1.789 from 1685923200 to 1686009600</p>
stdClass Object
(
    [timeseries] => stdClass Object
        (
            [timeserie] => stdClass Object
                (
                    [fields] => 1
                    [id] => APG-DB:SMARTS-DB3-group-1967496
                    [length] => 0
                )

        )

)
<p>Empty result for PDVO047 Tunnel1113 from 1685923200 to 1686009600</p>
stdClass Object
(
    [timeseries] => stdClass Object
        (
            [timeserie] => stdClass Object
                (
                    [fields] => 1
                    [id] => APG-DB:SMARTS-DB1-group-2489409
                    [length] => 0
                )

        )

)
<p>Empty result for PDPS095 GigabitEthernet0/3.106 from 1685923200 to 1686009600</p>
stdClass Object
(
    [timeseries] => stdClass Object
        (
            [timeserie] => stdClass Object
                (
                    [fields] => 1
                    [id] => APG-DB:SMARTS-DB1-group-2561449
                    [length] => 0
                )

        )

)
<p>Empty result for PDNK069 Serial0/0/0:0.102 from 1685923200 to 1686009600</p>
stdClass Object
(
    [timeseries] => stdClass Object
        (
        )

)
<p>Empty result for PDNK070 Tunnel1114 from 1685923200 to 1686009600</p>
stdClass Object
(
    [timeseries] => stdClass Object
        (
        )

)
<p>Empty result for PCGP080 Tunnel1113 from 1685923200 to 1686009600</p>
stdClass Object
(
    [timeseries] => stdClass Object
        (
            [timeserie] => stdClass Object
                (
                    [fields] => 1
                    [id] => APG-DB:SMARTS-DB3-group-1364798
                    [length] => 0
                )

        )

)
<p>Empty result for PCAN294 FastEthernet2/0.121 from 1685923200 to 1686009600</p>
stdClass Object
(
    [timeseries] => stdClass Object
        (
            [timeserie] => stdClass Object
                (
                    [fields] => 1
                    [id] => APG-DB:SMARTS-DB1-group-2397108
                    [length] => 0
                )

        )

)
<p>Empty result for PBOS311 GigabitEthernet0/0/1.339 from 1685923200 to 1686009600</p>
stdClass Object
(
    [timeseries] => stdClass Object
        (
        )

)
<p>Empty result for PBRI123 Tunnel1113 from 1685923200 to 1686009600</p>
stdClass Object
(
    [timeseries] => stdClass Object
        (
        )

)
<p>Empty result for PBOM1449 Tunnel1119 from 1685923200 to 1686009600</p>
stdClass Object
(
    [timeseries] => stdClass Object
        (
            [timeserie] => stdClass Object
                (
                    [fields] => 1
                    [id] => APG-DB:SMARTS-DB2-group-62309696
                    [length] => 0
                )

        )

)
<p>Empty result for PBJX087 GigabitEthernet0/0/1.519 from 1685923200 to 1686009600</p>
stdClass Object
(
    [timeseries] => stdClass Object
        (
        )

)
<p>Empty result for PBIA031 Tunnel1113 from 1685923200 to 1686009600</p>
stdClass Object
(
    [timeseries] => stdClass Object
        (
        )

)
<p>Empty result for PBEY371 MFR1.102 from 1685923200 to 1686009600</p>
stdClass Object
(
    [timeseries] => stdClass Object
        (
            [timeserie] => stdClass Object
                (
                    [fields] => 1
                    [id] => APG-DB:SMARTS-DB1-group-2510981
                    [length] => 0
                )

        )

)
<p>Empty result for PBHX481 FastEthernet2/1.458 from 1685923200 to 1686009600</p>
stdClass Object
(
    [timeseries] => stdClass Object
        (
            [timeserie] => stdClass Object
                (
                    [fields] => 1
                    [id] => APG-DB:SMARTS-DB3-group-2630420
                    [length] => 0
                )

        )

)
<p>Empty result for PBEG351 GigabitEthernet0/2.71 from 1685923200 to 1686009600</p>
stdClass Object
(
    [timeseries] => stdClass Object
        (
            [timeserie] => stdClass Object
                (
                    [fields] => 1
                    [id] => APG-DB:SMARTS-DB2-group-61818926
                    [length] => 0
                )

        )

)
<p>Empty result for PBEG351 GigabitEthernet0/2.76 from 1685923200 to 1686009600</p>
stdClass Object
(
    [timeseries] => stdClass Object
        (
            [timeserie] => stdClass Object
                (
                    [fields] => 1
                    [id] => APG-DB:SMARTS-DB2-group-61818900
                    [length] => 0
                )

        )

)
<p>Empty result for PBEL058 Tunnel1113 from 1685923200 to 1686009600</p>
stdClass Object
(
    [timeseries] => stdClass Object
        (
            [timeserie] => stdClass Object
                (
                    [fields] => 1
                    [id] => APG-DB:SMARTS-DB3-group-1507294
                    [length] => 0
                )

        )

)
<p>Empty result for PBEL059 Tunnel1113 from 1685923200 to 1686009600</p>
stdClass Object
(
    [timeseries] => stdClass Object
        (
            [timeserie] => stdClass Object
                (
                    [fields] => 1
                    [id] => APG-DB:SMARTS-DB3-group-1549616
                    [length] => 0
                )

        )

)
<p>Empty result for PASM037 Serial0/0/0.105 from 1685923200 to 1686009600</p>
stdClass Object
(
    [timeseries] => stdClass Object
        (
            [timeserie] => stdClass Object
                (
                    [fields] => 1
                    [id] => APG-DB:SMARTS-DB4-group-1431769
                    [length] => 0
                )

        )

)
<p>Empty result for PASU117 Tunnel1113 from 1685923200 to 1686009600</p>
stdClass Object
(
    [timeseries] => stdClass Object
        (
        )

)
<p>Empty result for PAQJ009 Tunnel1114 from 1685923200 to 1686009600</p>
stdClass Object
(
    [timeseries] => stdClass Object
        (
        )

)
<p>Empty result for PABJ363 GigabitEthernet0/0/1.11 from 1685923200 to 1686009600</p>
stdClass Object
(
    [timeseries] => stdClass Object
        (
        )

)
<p>Empty result for PABV165 Tunnel1114 from 1685923200 to 1686009600</p>
stdClass Object
(
    [timeseries] => stdClass Object
        (
            [timeserie] => stdClass Object
                (
                    [fields] => 1
                    [id] => APG-DB:SMARTS-DB1-group-2759157
                    [length] => 0
                )

        )

)
