<p>Empty result for PYYJ022 Serial0/0/0.101 from 1685923200 to 1686009600</p>
stdClass Object
(
    [timeseries] => stdClass Object
        (
            [timeserie] => stdClass Object
                (
                    [fields] => 1
                    [id] => APG-DB:SMARTS-DB3-group-700064
                    [length] => 0
                )

        )

)
<p>Empty result for PYYC337 ATM0.1-aal5 layer from 1685923200 to 1686009600</p>
stdClass Object
(
    [timeseries] => stdClass Object
        (
        )

)
<p>Empty result for PYUL656 GigabitEthernet0/1.412 from 1685923200 to 1686009600</p>
stdClass Object
(
    [timeseries] => stdClass Object
        (
        )

)
<p>Empty result for PVVO082 GigabitEthernet0/0.8 from 1685923200 to 1686009600</p>
stdClass Object
(
    [timeseries] => stdClass Object
        (
            [timeserie] => stdClass Object
                (
                    [fields] => 1
                    [id] => APG-DB:SMARTS-DB1-group-828821
                    [length] => 0
                )

        )

)
<p>Empty result for PVVO056 FastEthernet0/1.21 from 1685923200 to 1686009600</p>
stdClass Object
(
    [timeseries] => stdClass Object
        (
        )

)
<p>Empty result for PWTB001 Tunnel0 from 1685923200 to 1686009600</p>
stdClass Object
(
    [timeseries] => stdClass Object
        (
        )

)
<p>Empty result for PXPL006 Tunnel1111 from 1685923200 to 1686009600</p>
stdClass Object
(
    [timeseries] => stdClass Object
        (
        )

)
<p>Empty result for PXRE214 GigabitEthernet0/1.154 from 1685923200 to 1686009600</p>
stdClass Object
(
    [timeseries] => stdClass Object
        (
        )

)
<p>Empty result for PXRE215 GigabitEthernet0/1.184 from 1685923200 to 1686009600</p>
stdClass Object
(
    [timeseries] => stdClass Object
        (
        )

)
<p>Empty result for PYQT014 Tunnel0 from 1685923200 to 1686009600</p>
stdClass Object
(
    [timeseries] => stdClass Object
        (
        )

)
<p>Empty result for PSVD022 ATM0.1-aal5 layer from 1685923200 to 1686009600</p>
stdClass Object
(
    [timeseries] => stdClass Object
        (
        )

)
<p>Empty result for PTLH079 Tunnel0 from 1685923200 to 1686009600</p>
stdClass Object
(
    [timeseries] => stdClass Object
        (
        )

)
<p>Empty result for PSHO001 Serial0/0/0.101 from 1685923200 to 1686009600</p>
stdClass Object
(
    [timeseries] => stdClass Object
        (
            [timeserie] => stdClass Object
                (
                    [fields] => 1
                    [id] => APG-DB:SMARTS-DB2-group-948337
                    [length] => 0
                )

        )

)
<p>Empty result for PSEL904 Serial0/0.101 from 1685923200 to 1686009600</p>
stdClass Object
(
    [timeseries] => stdClass Object
        (
        )

)
<p>Empty result for PSEL905 Serial0/0.101 from 1685923200 to 1686009600</p>
stdClass Object
(
    [timeseries] => stdClass Object
        (
        )

)
<p>Empty result for PQRI004 Tunnel0 from 1685923200 to 1686009600</p>
stdClass Object
(
    [timeseries] => stdClass Object
        (
        )

)
<p>Empty result for PRLG041 GigabitEthernet0/1.789 from 1685923200 to 1686009600</p>
stdClass Object
(
    [timeseries] => stdClass Object
        (
        )

)
<p>Empty result for PRLG074 ATM0.101-aal5 layer from 1685923200 to 1686009600</p>
stdClass Object
(
    [timeseries] => stdClass Object
        (
        )

)
<p>Empty result for PHAG425 GigabitEthernet0/1 from 1685923200 to 1686009600</p>
stdClass Object
(
    [timeseries] => stdClass Object
        (
        )

)
<p>Empty result for PHRG014 GigabitEthernet0/1.1626 from 1685923200 to 1686009600</p>
stdClass Object
(
    [timeseries] => stdClass Object
        (
        )

)
<p>Empty result for PHRG018 ATM0.1-aal5 layer from 1685923200 to 1686009600</p>
stdClass Object
(
    [timeseries] => stdClass Object
        (
        )

)
<p>Empty result for PHUX009 Tunnel0 from 1685923200 to 1686009600</p>
stdClass Object
(
    [timeseries] => stdClass Object
        (
            [timeserie] => stdClass Object
                (
                    [fields] => 1
                    [id] => APG-DB:SMARTS-DB4-group-1662066
                    [length] => 0
                )

        )

)
<p>Empty result for PJED184 GigabitEthernet0/1 from 1685923200 to 1686009600</p>
stdClass Object
(
    [timeseries] => stdClass Object
        (
            [timeserie] => stdClass Object
                (
                    [fields] => 1
                    [id] => APG-DB:SMARTS-DB2-group-61017919
                    [length] => 0
                )

        )

)
<p>Empty result for PKWI403 Tunnel0 from 1685923200 to 1686009600</p>
stdClass Object
(
    [timeseries] => stdClass Object
        (
        )

)
<p>Empty result for PKWI403 Tunnel0 from 1685923200 to 1686009600</p>
stdClass Object
(
    [timeseries] => stdClass Object
        (
        )

)
<p>Empty result for PLGA103 Tunnel0 from 1685923200 to 1686009600</p>
stdClass Object
(
    [timeseries] => stdClass Object
        (
        )

)
<p>Empty result for PLON9363 GigabitEthernet0/1.379 from 1685923200 to 1686009600</p>
stdClass Object
(
    [timeseries] => stdClass Object
        (
        )

)
<p>Empty result for PLVI006 ATM0.1-aal5 layer from 1685923200 to 1686009600</p>
stdClass Object
(
    [timeseries] => stdClass Object
        (
        )

)
<p>Empty result for PMAO110 Serial0/0/0.101 from 1685923200 to 1686009600</p>
stdClass Object
(
    [timeseries] => stdClass Object
        (
        )

)
<p>Empty result for PMID027 Tunnel0 from 1685923200 to 1686009600</p>
stdClass Object
(
    [timeseries] => stdClass Object
        (
        )

)
<p>Empty result for PMXL043 Tunnel0 from 1685923200 to 1686009600</p>
stdClass Object
(
    [timeseries] => stdClass Object
        (
        )

)
<p>Empty result for PNSI021 GigabitEthernet0/1.209 from 1685923200 to 1686009600</p>
stdClass Object
(
    [timeseries] => stdClass Object
        (
        )

)
<p>Empty result for POAX008 Tunnel0 from 1685923200 to 1686009600</p>
stdClass Object
(
    [timeseries] => stdClass Object
        (
        )

)
<p>Empty result for PORD199 GigabitEthernet0/0/0.234 from 1685923200 to 1686009600</p>
stdClass Object
(
    [timeseries] => stdClass Object
        (
        )

)
<p>Empty result for PGBE100 Tunnel0 from 1685923200 to 1686009600</p>
stdClass Object
(
    [timeseries] => stdClass Object
        (
        )

)
<p>Empty result for PGRK019 ATM0.1-aal5 layer from 1685923200 to 1686009600</p>
stdClass Object
(
    [timeseries] => stdClass Object
        (
        )

)
<p>Empty result for PFRA3304.PFRA3305 GigabitEthernet0/1.2 from 1685923200 to 1686009600</p>
stdClass Object
(
    [timeseries] => stdClass Object
        (
        )

)
<p>Empty result for PDFW363 ATM0.1-aal5 layer from 1685923200 to 1686009600</p>
stdClass Object
(
    [timeseries] => stdClass Object
        (
        )

)
<p>Empty result for PCTU571 GigabitEthernet0/0/0.171 from 1685923200 to 1686009600</p>
stdClass Object
(
    [timeseries] => stdClass Object
        (
            [timeserie] => stdClass Object
                (
                    [fields] => 1
                    [id] => APG-DB:SMARTS-DB1-group-2983529
                    [length] => 0
                )

        )

)
<p>Empty result for PDBB002 ATM0.1-aal5 layer from 1685923200 to 1686009600</p>
stdClass Object
(
    [timeseries] => stdClass Object
        (
        )

)
<p>Empty result for PCAI917 FastEthernet0/1/1.1616 from 1685923200 to 1686009600</p>
stdClass Object
(
    [timeseries] => stdClass Object
        (
            [timeserie] => stdClass Object
                (
                    [fields] => 1
                    [id] => APG-DB:SMARTS-DB1-group-2435396
                    [length] => 0
                )

        )

)
<p>Empty result for PCAI918 FastEthernet0/1/1.1805 from 1685923200 to 1686009600</p>
stdClass Object
(
    [timeseries] => stdClass Object
        (
        )

)
<p>Empty result for PBOM816 GigabitEthernet0/1.773 from 1685923200 to 1686009600</p>
stdClass Object
(
    [timeseries] => stdClass Object
        (
        )

)
<p>Empty result for PBOM817 GigabitEthernet0/1.3 from 1685923200 to 1686009600</p>
stdClass Object
(
    [timeseries] => stdClass Object
        (
        )

)
<p>Empty result for PBJV003 Serial0/0/0.101 from 1685923200 to 1686009600</p>
stdClass Object
(
    [timeseries] => stdClass Object
        (
            [timeserie] => stdClass Object
                (
                    [fields] => 1
                    [id] => APG-DB:SMARTS-DB1-group-2318721
                    [length] => 0
                )

        )

)
<p>Empty result for PBLZ090 Tunnel0 from 1685923200 to 1686009600</p>
stdClass Object
(
    [timeseries] => stdClass Object
        (
        )

)
<p>Empty result for PADB051 GigabitEthernet8.19 from 1685923200 to 1686009600</p>
stdClass Object
(
    [timeseries] => stdClass Object
        (
        )

)
<p>Empty result for PAQJ006 ATM0.1-aal5 layer from 1685923200 to 1686009600</p>
stdClass Object
(
    [timeseries] => stdClass Object
        (
        )

)
<p>Empty result for PSTR278 GigabitEthernet0/0/1.778 from 1685923200 to 1686009600</p>
stdClass Object
(
    [timeseries] => stdClass Object
        (
        )

)
<p>Empty result for PZLO027 GigabitEthernet0/0/1.409 from 1685923200 to 1686009600</p>
stdClass Object
(
    [timeseries] => stdClass Object
        (
            [timeserie] => stdClass Object
                (
                    [fields] => 1
                    [id] => APG-DB:SMARTS-DB1-group-2130412
                    [length] => 0
                )

        )

)
<p>Empty result for PZLO028 Tunnel1114 from 1685923200 to 1686009600</p>
stdClass Object
(
    [timeseries] => stdClass Object
        (
            [timeserie] => stdClass Object
                (
                    [fields] => 1
                    [id] => APG-DB:SMARTS-DB4-group-1887585
                    [length] => 0
                )

        )

)
<p>Empty result for PYYZ481 FastEthernet0/1.388 from 1685923200 to 1686009600</p>
stdClass Object
(
    [timeseries] => stdClass Object
        (
            [timeserie] => stdClass Object
                (
                    [fields] => 1
                    [id] => APG-DB:SMARTS-DB1-group-2862802
                    [length] => 0
                )

        )

)
<p>Empty result for PYYZ482 FastEthernet3/1.69 from 1685923200 to 1686009600</p>
stdClass Object
(
    [timeseries] => stdClass Object
        (
            [timeserie] => stdClass Object
                (
                    [fields] => 1
                    [id] => APG-DB:SMARTS-DB3-group-2713957
                    [length] => 0
                )

        )

)
<p>Empty result for PYYZ481 FastEthernet0/1.400 from 1685923200 to 1686009600</p>
stdClass Object
(
    [timeseries] => stdClass Object
        (
            [timeserie] => stdClass Object
                (
                    [fields] => 1
                    [id] => APG-DB:SMARTS-DB1-group-2862761
                    [length] => 0
                )

        )

)
<p>Empty result for PYYZ482 FastEthernet3/1.75 from 1685923200 to 1686009600</p>
stdClass Object
(
    [timeseries] => stdClass Object
        (
            [timeserie] => stdClass Object
                (
                    [fields] => 1
                    [id] => APG-DB:SMARTS-DB3-group-2713972
                    [length] => 0
                )

        )

)
<p>Empty result for PYYC344 Tunnel1113 from 1685923200 to 1686009600</p>
stdClass Object
(
    [timeseries] => stdClass Object
        (
            [timeserie] => stdClass Object
                (
                    [fields] => 1
                    [id] => APG-DB:SMARTS-DB1-group-3095879
                    [length] => 0
                )

        )

)
<p>Empty result for PYEG089 GigabitEthernet0/0/1.715 from 1685923200 to 1686009600</p>
stdClass Object
(
    [timeseries] => stdClass Object
        (
            [timeserie] => stdClass Object
                (
                    [fields] => 1
                    [id] => APG-DB:SMARTS-DB2-group-61486743
                    [length] => 0
                )

        )

)
<p>Empty result for PWAW562 FastEthernet1/0.30 from 1685923200 to 1686009600</p>
stdClass Object
(
    [timeseries] => stdClass Object
        (
            [timeserie] => stdClass Object
                (
                    [fields] => 1
                    [id] => APG-DB:SMARTS-DB1-group-2082041
                    [length] => 0
                )

        )

)
<p>Empty result for PVRN252 GigabitEthernet0/1.418 from 1685923200 to 1686009600</p>
stdClass Object
(
    [timeseries] => stdClass Object
        (
            [timeserie] => stdClass Object
                (
                    [fields] => 1
                    [id] => APG-DB:SMARTS-DB2-group-61050751
                    [length] => 0
                )

        )

)
<p>Empty result for PTAB013 GigabitEthernet0/1.235 from 1685923200 to 1686009600</p>
stdClass Object
(
    [timeseries] => stdClass Object
        (
            [timeserie] => stdClass Object
                (
                    [fields] => 1
                    [id] => APG-DB:SMARTS-DB2-group-61674039
                    [length] => 0
                )

        )

)
<p>Empty result for PTAB014 Tunnel1113 from 1685923200 to 1686009600</p>
stdClass Object
(
    [timeseries] => stdClass Object
        (
            [timeserie] => stdClass Object
                (
                    [fields] => 1
                    [id] => APG-DB:SMARTS-DB2-group-61674425
                    [length] => 0
                )

        )

)
<p>Empty result for PTBS198 Serial0/0/0:0.102 from 1685923200 to 1686009600</p>
stdClass Object
(
    [timeseries] => stdClass Object
        (
        )

)
<p>Empty result for PSJD044 GigabitEthernet0/0/1.420 from 1685923200 to 1686009600</p>
stdClass Object
(
    [timeseries] => stdClass Object
        (
            [timeserie] => stdClass Object
                (
                    [fields] => 1
                    [id] => APG-DB:SMARTS-DB4-group-2309060
                    [length] => 0
                )

        )

)
<p>Empty result for PSAW007 GigabitEthernet0/1.11 from 1685923200 to 1686009600</p>
stdClass Object
(
    [timeseries] => stdClass Object
        (
            [timeserie] => stdClass Object
                (
                    [fields] => 1
                    [id] => APG-DB:SMARTS-DB2-group-62375310
                    [length] => 0
                )

        )

)
<p>Empty result for PRGN069 Serial0/0/0.120 from 1685923200 to 1686009600</p>
stdClass Object
(
    [timeseries] => stdClass Object
        (
            [timeserie] => stdClass Object
                (
                    [fields] => 1
                    [id] => APG-DB:SMARTS-DB1-group-2033592
                    [length] => 0
                )

        )

)
<p>Empty result for PRGN070 Tunnel1113 from 1685923200 to 1686009600</p>
stdClass Object
(
    [timeseries] => stdClass Object
        (
            [timeserie] => stdClass Object
                (
                    [fields] => 1
                    [id] => APG-DB:SMARTS-DB3-group-1590774
                    [length] => 0
                )

        )

)
<p>Empty result for PPVG076 GigabitEthernet0/1.121 from 1685923200 to 1686009600</p>
stdClass Object
(
    [timeseries] => stdClass Object
        (
            [timeserie] => stdClass Object
                (
                    [fields] => 1
                    [id] => APG-DB:SMARTS-DB3-group-2460964
                    [length] => 0
                )

        )

)
<p>Empty result for PPUS236 Tunnel1122 from 1685923200 to 1686009600</p>
stdClass Object
(
    [timeseries] => stdClass Object
        (
        )

)
<p>Empty result for PPMO086 GigabitEthernet0/0/1.173 from 1685923200 to 1686009600</p>
stdClass Object
(
    [timeseries] => stdClass Object
        (
        )

)
<p>Empty result for PPAD058 Tunnel1113 from 1685923200 to 1686009600</p>
stdClass Object
(
    [timeseries] => stdClass Object
        (
        )

)
<p>Empty result for PNTE564 Tunnel1116 from 1685923200 to 1686009600</p>
stdClass Object
(
    [timeseries] => stdClass Object
        (
        )

)
<p>Empty result for PNAP225 GigabitEthernet0/0/1.488 from 1685923200 to 1686009600</p>
stdClass Object
(
    [timeseries] => stdClass Object
        (
        )

)
<p>Empty result for PNAT036 GigabitEthernet0/0/1.772 from 1685923200 to 1686009600</p>
stdClass Object
(
    [timeseries] => stdClass Object
        (
            [timeserie] => stdClass Object
                (
                    [fields] => 1
                    [id] => APG-DB:SMARTS-DB2-group-62359899
                    [length] => 0
                )

        )

)
<p>Empty result for PMNL467 GigabitEthernet0/0/1.x from 1685923200 to 1686009600</p>
stdClass Object
(
    [timeseries] => stdClass Object
        (
        )

)
<p>Empty result for PMLA167 GigabitEthernet0/1.614 from 1685923200 to 1686009600</p>
stdClass Object
(
    [timeseries] => stdClass Object
        (
            [timeserie] => stdClass Object
                (
                    [fields] => 1
                    [id] => APG-DB:SMARTS-DB2-group-61432652
                    [length] => 0
                )

        )

)
<p>Empty result for PMLA168 GigabitEthernet0/1.34 from 1685923200 to 1686009600</p>
stdClass Object
(
    [timeseries] => stdClass Object
        (
            [timeserie] => stdClass Object
                (
                    [fields] => 1
                    [id] => APG-DB:SMARTS-DB3-group-1801830
                    [length] => 0
                )

        )

)
<p>Empty result for PMAN534 GigabitEthernet0/1.198 from 1685923200 to 1686009600</p>
stdClass Object
(
    [timeseries] => stdClass Object
        (
            [timeserie] => stdClass Object
                (
                    [fields] => 1
                    [id] => APG-DB:SMARTS-DB3-group-2030023
                    [length] => 0
                )

        )

)
<p>Empty result for PMAN535 GigabitEthernet0/1.746 from 1685923200 to 1686009600</p>
stdClass Object
(
    [timeseries] => stdClass Object
        (
            [timeserie] => stdClass Object
                (
                    [fields] => 1
                    [id] => APG-DB:SMARTS-DB3-group-2271696
                    [length] => 0
                )

        )

)
<p>Empty result for PLUN218 gigabitethernet0/1.704 from 1685923200 to 1686009600</p>
stdClass Object
(
    [timeseries] => stdClass Object
        (
        )

)
<p>Empty result for PLYS998 GigabitEthernet0/0/1.705 from 1685923200 to 1686009600</p>
stdClass Object
(
    [timeseries] => stdClass Object
        (
        )

)
<p>Empty result for PLWO028 Serial0/0/0:0.103 from 1685923200 to 1686009600</p>
stdClass Object
(
    [timeseries] => stdClass Object
        (
        )

)
<p>Empty result for PLWO029 Tunnel1115 from 1685923200 to 1686009600</p>
stdClass Object
(
    [timeseries] => stdClass Object
        (
        )

)
<p>Empty result for PLAD281 GigabitEthernet0/0/1.538 from 1685923200 to 1686009600</p>
stdClass Object
(
    [timeseries] => stdClass Object
        (
        )

)
<p>Empty result for PKRR067 GigabitEthernet0/1.713 from 1685923200 to 1686009600</p>
stdClass Object
(
    [timeseries] => stdClass Object
        (
        )

)
<p>Empty result for PKHH226 Tunnel1118 from 1685923200 to 1686009600</p>
stdClass Object
(
    [timeseries] => stdClass Object
        (
        )

)
<p>Empty result for PKBP047 Tunnel1125 from 1685923200 to 1686009600</p>
stdClass Object
(
    [timeseries] => stdClass Object
        (
        )

)
<p>Empty result for PJFK127 GigabitEthernet0/1.795 from 1685923200 to 1686009600</p>
stdClass Object
(
    [timeseries] => stdClass Object
        (
            [timeserie] => stdClass Object
                (
                    [fields] => 1
                    [id] => APG-DB:SMARTS-DB1-group-1750563
                    [length] => 0
                )

        )

)
<p>Empty result for PJFK126 GigabitEthernet0/1.252 from 1685923200 to 1686009600</p>
stdClass Object
(
    [timeseries] => stdClass Object
        (
            [timeserie] => stdClass Object
                (
                    [fields] => 1
                    [id] => APG-DB:SMARTS-DB3-group-2319290
                    [length] => 0
                )

        )

)
<p>Empty result for PJER051 Tunnel1114 from 1685923200 to 1686009600</p>
stdClass Object
(
    [timeseries] => stdClass Object
        (
            [timeserie] => stdClass Object
                (
                    [fields] => 1
                    [id] => APG-DB:SMARTS-DB2-group-60871515
                    [length] => 0
                )

        )

)
<p>Empty result for PIKT028 GigabitEthernet0/1.64 from 1685923200 to 1686009600</p>
stdClass Object
(
    [timeseries] => stdClass Object
        (
        )

)
<p>Empty result for PGIG075 Serial1/0.123 from 1685923200 to 1686009600</p>
stdClass Object
(
    [timeseries] => stdClass Object
        (
            [timeserie] => stdClass Object
                (
                    [fields] => 1
                    [id] => APG-DB:SMARTS-DB3-group-1561488
                    [length] => 0
                )

        )

)
<p>Empty result for PEBB052 GigabitEthernet0/0/1.789 from 1685923200 to 1686009600</p>
stdClass Object
(
    [timeseries] => stdClass Object
        (
            [timeserie] => stdClass Object
                (
                    [fields] => 1
                    [id] => APG-DB:SMARTS-DB3-group-2023107
                    [length] => 0
                )

        )

)
<p>Empty result for PDVO047 Tunnel1113 from 1685923200 to 1686009600</p>
stdClass Object
(
    [timeseries] => stdClass Object
        (
            [timeserie] => stdClass Object
                (
                    [fields] => 1
                    [id] => APG-DB:SMARTS-DB1-group-2542927
                    [length] => 0
                )

        )

)
<p>Empty result for PDPS095 GigabitEthernet0/3.106 from 1685923200 to 1686009600</p>
stdClass Object
(
    [timeseries] => stdClass Object
        (
            [timeserie] => stdClass Object
                (
                    [fields] => 1
                    [id] => APG-DB:SMARTS-DB1-group-2613441
                    [length] => 0
                )

        )

)
<p>Empty result for PDNK069 Serial0/0/0:0.102 from 1685923200 to 1686009600</p>
stdClass Object
(
    [timeseries] => stdClass Object
        (
        )

)
<p>Empty result for PDNK070 Tunnel1114 from 1685923200 to 1686009600</p>
stdClass Object
(
    [timeseries] => stdClass Object
        (
        )

)
<p>Empty result for PCGP080 Tunnel1113 from 1685923200 to 1686009600</p>
stdClass Object
(
    [timeseries] => stdClass Object
        (
            [timeserie] => stdClass Object
                (
                    [fields] => 1
                    [id] => APG-DB:SMARTS-DB3-group-1364799
                    [length] => 0
                )

        )

)
<p>Empty result for PCAN294 FastEthernet2/0.121 from 1685923200 to 1686009600</p>
stdClass Object
(
    [timeseries] => stdClass Object
        (
            [timeserie] => stdClass Object
                (
                    [fields] => 1
                    [id] => APG-DB:SMARTS-DB1-group-2445484
                    [length] => 0
                )

        )

)
<p>Empty result for PBOS311 GigabitEthernet0/0/1.339 from 1685923200 to 1686009600</p>
stdClass Object
(
    [timeseries] => stdClass Object
        (
        )

)
<p>Empty result for PBRI123 Tunnel1113 from 1685923200 to 1686009600</p>
stdClass Object
(
    [timeseries] => stdClass Object
        (
        )

)
<p>Empty result for PBOM1449 Tunnel1119 from 1685923200 to 1686009600</p>
stdClass Object
(
    [timeseries] => stdClass Object
        (
            [timeserie] => stdClass Object
                (
                    [fields] => 1
                    [id] => APG-DB:SMARTS-DB2-group-62349102
                    [length] => 0
                )

        )

)
<p>Empty result for PBJX087 GigabitEthernet0/0/1.519 from 1685923200 to 1686009600</p>
stdClass Object
(
    [timeseries] => stdClass Object
        (
        )

)
<p>Empty result for PBIA031 Tunnel1113 from 1685923200 to 1686009600</p>
stdClass Object
(
    [timeseries] => stdClass Object
        (
        )

)
<p>Empty result for PBEY371 MFR1.102 from 1685923200 to 1686009600</p>
stdClass Object
(
    [timeseries] => stdClass Object
        (
            [timeserie] => stdClass Object
                (
                    [fields] => 1
                    [id] => APG-DB:SMARTS-DB1-group-2563824
                    [length] => 0
                )

        )

)
<p>Empty result for PBHX481 FastEthernet2/1.458 from 1685923200 to 1686009600</p>
stdClass Object
(
    [timeseries] => stdClass Object
        (
            [timeserie] => stdClass Object
                (
                    [fields] => 1
                    [id] => APG-DB:SMARTS-DB3-group-2679749
                    [length] => 0
                )

        )

)
<p>Empty result for PBEG351 GigabitEthernet0/2.71 from 1685923200 to 1686009600</p>
stdClass Object
(
    [timeseries] => stdClass Object
        (
            [timeserie] => stdClass Object
                (
                    [fields] => 1
                    [id] => APG-DB:SMARTS-DB2-group-61853708
                    [length] => 0
                )

        )

)
<p>Empty result for PBEG351 GigabitEthernet0/2.76 from 1685923200 to 1686009600</p>
stdClass Object
(
    [timeseries] => stdClass Object
        (
            [timeserie] => stdClass Object
                (
                    [fields] => 1
                    [id] => APG-DB:SMARTS-DB2-group-61853681
                    [length] => 0
                )

        )

)
<p>Empty result for PBEL058 Tunnel1113 from 1685923200 to 1686009600</p>
stdClass Object
(
    [timeseries] => stdClass Object
        (
            [timeserie] => stdClass Object
                (
                    [fields] => 1
                    [id] => APG-DB:SMARTS-DB3-group-1507295
                    [length] => 0
                )

        )

)
<p>Empty result for PBEL059 Tunnel1113 from 1685923200 to 1686009600</p>
stdClass Object
(
    [timeseries] => stdClass Object
        (
            [timeserie] => stdClass Object
                (
                    [fields] => 1
                    [id] => APG-DB:SMARTS-DB3-group-1549617
                    [length] => 0
                )

        )

)
<p>Empty result for PASM037 Serial0/0/0.105 from 1685923200 to 1686009600</p>
stdClass Object
(
    [timeseries] => stdClass Object
        (
            [timeserie] => stdClass Object
                (
                    [fields] => 1
                    [id] => APG-DB:SMARTS-DB4-group-1431770
                    [length] => 0
                )

        )

)
<p>Empty result for PASU117 Tunnel1113 from 1685923200 to 1686009600</p>
stdClass Object
(
    [timeseries] => stdClass Object
        (
        )

)
<p>Empty result for PAQJ009 Tunnel1114 from 1685923200 to 1686009600</p>
stdClass Object
(
    [timeseries] => stdClass Object
        (
        )

)
<p>Empty result for PABJ363 GigabitEthernet0/0/1.11 from 1685923200 to 1686009600</p>
stdClass Object
(
    [timeseries] => stdClass Object
        (
        )

)
<p>Empty result for PABV165 Tunnel1114 from 1685923200 to 1686009600</p>
stdClass Object
(
    [timeseries] => stdClass Object
        (
            [timeserie] => stdClass Object
                (
                    [fields] => 1
                    [id] => APG-DB:SMARTS-DB1-group-2810724
                    [length] => 0
                )

        )

)
